Arguments: 
  /usr/local/lib/node_modules/node/bin/node /usr/local/Cellar/yarn/1.3.2/libexec/bin/yarn.js

PATH: 
  /usr/local/heroku/bin:/Users/mrcheese/.rbenv/shims:/Users/mrcheese/.rbenv/bin:/usr/bin:/bin:/usr/sbin:/sbin:/usr/local/bin

Yarn version: 
  1.3.2

Node version: 
  8.3.0

Platform: 
  darwin x64

npm manifest: 
  {
    "repository": {},
    "license": "MIT",
    "scripts": {
      "deploy": "brunch build --production",
      "watch": "brunch watch --stdin"
    },
    "dependencies": {
      "bulma": "^0.5.2",
      "jquery": "^3.2.1",
      "phoenix": "file:../deps/phoenix",
      "phoenix_html": "file:../deps/phoenix_html",
      "sass-brunch": "^2.10.4",
      "spinkit": "^1.2.5"
    },
    "devDependencies": {
      "babel-cli": "^6.24.1",
      "babel-core": "^6.25.0",
      "babel-loader": "^7.0.0",
      "babel-preset-es2015": "^6.24.1",
      "babel-preset-es2016": "^6.24.1",
      "babel-preset-react": "^6.24.1",
      "babel-preset-react-hmre": "^1.1.1",
      "copy-webpack-plugin": "^2.1.6",
      "css-loader": "^0.28.4",
      "extract-text-webpack-plugin": "^3.0.0",
      "file-loader": "^0.11.2",
      "image-webpack-loader": "^3.3.1",
      "postcss": "^6.0.2",
      "postcss-loader": "^2.0.6",
      "react": "^15.6.1",
      "react-dom": "^15.6.1",
      "react-hot-loader": "^1.3.1",
      "style-loader": "^0.18.2",
      "stylus": "^0.54.5",
      "stylus-loader": "^3.0.1",
      "url-loader": "^0.5.9",
      "webpack": "^3.4.0",
      "webpack-dev-server": "^2.6.1"
      "brunch": "2.10.9",
      "clean-css-brunch": "2.10.0",
      "uglify-js-brunch": "2.10.0"
    }
  }

yarn manifest: 
  No manifest

Lockfile: 
  No lockfile

Trace: 
  SyntaxError: /Users/mrcheese/workspace/image_vac/assets/package.json: Unexpected string in JSON at position 1120
      at JSON.parse (<anonymous>)
      at /usr/local/Cellar/yarn/1.3.2/libexec/lib/cli.js:770:59
      at Generator.next (<anonymous>)
      at step (/usr/local/Cellar/yarn/1.3.2/libexec/lib/cli.js:92:30)
      at /usr/local/Cellar/yarn/1.3.2/libexec/lib/cli.js:103:13
      at <anonymous>
